GROUP,PACKAGE,CLASS,INSTRUCTION_MISSED,INSTRUCTION_COVERED,BRANCH_MISSED,BRANCH_COVERED,LINE_MISSED,LINE_COVERED,COMPLEXITY_MISSED,COMPLEXITY_COVERED,METHOD_MISSED,METHOD_COVERED
IU Type Introspection Container,iu.type.container,TypeContainerArchive.new UnsafeRunnable() {...},0,133,0,16,0,27,0,10,0,2
IU Type Introspection Container,iu.type.container,TypeContainerArchive,0,78,0,0,0,16,0,11,0,11
IU Type Introspection Container,iu.type.container,TypeContainerBootstrap.new Object() {...},0,6,0,0,0,1,0,1,0,1
IU Type Introspection Container,iu.type.container,TypeContainerBootstrap.new Consumer() {...},0,44,0,4,0,7,0,4,0,2
IU Type Introspection Container,iu.type.container,TypeContainerBootstrap.new Consumer() {...},0,71,0,6,0,12,0,5,0,2
IU Type Introspection Container,iu.type.container,TypeContainerResource,0,192,0,20,0,48,0,19,0,9
IU Type Introspection Container,iu.type.container,TypeContainerBootstrap,0,643,0,52,0,123,0,42,0,16
